2024-10-03 10:49:48 DEBUG: Starting new HTTPS connection (1): api.github.com:443
2024-10-03 10:49:50 DEBUG: https://api.github.com:443 "POST /graphql HTTP/1.1" 200 None
2024-10-03 10:49:50 DEBUG: Starting new HTTPS connection (1): api.github.com:443
2024-10-03 10:49:52 DEBUG: https://api.github.com:443 "POST /graphql HTTP/1.1" 200 None
2024-10-03 10:49:52 DEBUG: Starting new HTTPS connection (1): api.github.com:443
2024-10-03 10:49:54 DEBUG: https://api.github.com:443 "POST /graphql HTTP/1.1" 200 None
2024-10-03 10:49:54 DEBUG: Starting new HTTPS connection (1): api.github.com:443
2024-10-03 10:49:57 DEBUG: https://api.github.com:443 "POST /graphql HTTP/1.1" 200 None
2024-10-03 10:49:57 DEBUG: Starting new HTTPS connection (1): api.github.com:443
2024-10-03 10:50:03 DEBUG: https://api.github.com:443 "POST /graphql HTTP/1.1" 200 None
2024-10-03 10:50:03 DEBUG: Starting new HTTPS connection (1): api.github.com:443
2024-10-03 10:50:12 DEBUG: https://api.github.com:443 "POST /graphql HTTP/1.1" 200 None
2024-10-03 10:50:12 DEBUG: Starting new HTTPS connection (1): api.github.com:443
2024-10-03 10:50:14 DEBUG: https://api.github.com:443 "POST /graphql HTTP/1.1" 200 None
2024-10-03 10:50:14 DEBUG: Starting new HTTPS connection (1): api.github.com:443
2024-10-03 10:50:21 DEBUG: https://api.github.com:443 "POST /graphql HTTP/1.1" 200 None
2024-10-03 10:50:21 DEBUG: Starting new HTTPS connection (1): api.github.com:443
2024-10-03 10:50:28 DEBUG: https://api.github.com:443 "POST /graphql HTTP/1.1" 200 None
2024-10-03 10:50:28 DEBUG: Starting new HTTPS connection (1): api.github.com:443
2024-10-03 10:50:49 DEBUG: Starting new HTTPS connection (1): api.github.com:443
2024-10-03 10:50:51 DEBUG: https://api.github.com:443 "POST /graphql HTTP/1.1" 200 None
2024-10-03 10:50:51 DEBUG: Starting new HTTPS connection (1): api.github.com:443
2024-10-03 10:50:52 DEBUG: https://api.github.com:443 "POST /graphql HTTP/1.1" 200 None
2024-10-03 10:50:52 ERROR: Unexpected error: GitHubDataCollector.get_pull_requests_for_repository() missing 1 required positional argument: 'repo_name'
2024-10-03 10:51:37 DEBUG: Starting new HTTPS connection (1): api.github.com:443
2024-10-03 10:51:40 DEBUG: https://api.github.com:443 "POST /graphql HTTP/1.1" 200 None
2024-10-03 10:51:40 DEBUG: Starting new HTTPS connection (1): api.github.com:443
2024-10-03 10:51:41 DEBUG: https://api.github.com:443 "POST /graphql HTTP/1.1" 200 None
2024-10-03 10:51:41 DEBUG: Starting new HTTPS connection (1): api.github.com:443
2024-10-03 10:51:42 DEBUG: https://api.github.com:443 "POST /graphql HTTP/1.1" 200 None
2024-10-03 10:51:42 ERROR: GraphQL errors: [{'type': 'NOT_FOUND', 'path': ['repository'], 'locations': [{'line': 3, 'column': 13}], 'message': "Could not resolve to a Repository with the name 'OWNER/freeCodeCamp'."}]
2024-10-03 10:51:42 ERROR: GitHub API error: API returned errors. Status Code: 200
2024-10-03 10:52:47 DEBUG: Starting new HTTPS connection (1): api.github.com:443
2024-10-03 10:52:48 DEBUG: https://api.github.com:443 "POST /graphql HTTP/1.1" 200 None
2024-10-03 10:52:48 ERROR: GraphQL errors: [{'path': ['query', 'search', 'nodes', '... on Repository', 'owner'], 'extensions': {'code': 'selectionMismatch', 'nodeName': "field 'owner'", 'typeName': 'RepositoryOwner'}, 'locations': [{'line': 7, 'column': 21}], 'message': "Field must have selections (field 'owner' returns RepositoryOwner but has no selections. Did you mean 'owner { ... }'?)"}]
2024-10-03 10:52:48 ERROR: GitHub API error: API returned errors. Status Code: 200
2024-10-03 10:53:52 DEBUG: Starting new HTTPS connection (1): api.github.com:443
2024-10-03 10:53:55 DEBUG: https://api.github.com:443 "POST /graphql HTTP/1.1" 200 None
2024-10-03 10:53:55 DEBUG: Starting new HTTPS connection (1): api.github.com:443
2024-10-03 10:53:56 DEBUG: https://api.github.com:443 "POST /graphql HTTP/1.1" 200 None
2024-10-03 10:53:56 ERROR: Unexpected error: GitHubDataCollector.get_pull_requests() missing 1 required positional argument: 'repo_owner'
2024-10-03 10:54:24 DEBUG: Starting new HTTPS connection (1): api.github.com:443
2024-10-03 10:54:26 DEBUG: https://api.github.com:443 "POST /graphql HTTP/1.1" 200 None
2024-10-03 10:54:26 DEBUG: Starting new HTTPS connection (1): api.github.com:443
2024-10-03 10:54:28 DEBUG: https://api.github.com:443 "POST /graphql HTTP/1.1" 200 None
2024-10-03 10:54:28 DEBUG: Starting new HTTPS connection (1): api.github.com:443
2024-10-03 10:54:28 DEBUG: https://api.github.com:443 "POST /graphql HTTP/1.1" 200 None
2024-10-03 10:54:28 DEBUG: Starting new HTTPS connection (1): api.github.com:443
2024-10-03 10:54:29 DEBUG: https://api.github.com:443 "POST /graphql HTTP/1.1" 200 None
2024-10-03 10:54:29 DEBUG: Starting new HTTPS connection (1): api.github.com:443
2024-10-03 10:54:30 DEBUG: https://api.github.com:443 "POST /graphql HTTP/1.1" 200 None
2024-10-03 10:54:30 DEBUG: Starting new HTTPS connection (1): api.github.com:443
2024-10-03 10:54:30 DEBUG: https://api.github.com:443 "POST /graphql HTTP/1.1" 200 None
2024-10-03 10:54:30 DEBUG: Starting new HTTPS connection (1): api.github.com:443
2024-10-03 10:54:31 DEBUG: https://api.github.com:443 "POST /graphql HTTP/1.1" 200 None
2024-10-03 10:54:31 DEBUG: Starting new HTTPS connection (1): api.github.com:443
2024-10-03 10:54:32 DEBUG: https://api.github.com:443 "POST /graphql HTTP/1.1" 200 None
2024-10-03 10:54:32 DEBUG: Starting new HTTPS connection (1): api.github.com:443
2024-10-03 10:54:33 DEBUG: https://api.github.com:443 "POST /graphql HTTP/1.1" 200 None
2024-10-03 10:54:33 DEBUG: Starting new HTTPS connection (1): api.github.com:443
2024-10-03 10:54:33 DEBUG: https://api.github.com:443 "POST /graphql HTTP/1.1" 200 None
2024-10-03 10:54:33 DEBUG: Starting new HTTPS connection (1): api.github.com:443
2024-10-03 10:54:34 DEBUG: https://api.github.com:443 "POST /graphql HTTP/1.1" 200 None
2024-10-03 10:54:34 DEBUG: Starting new HTTPS connection (1): api.github.com:443
2024-10-03 10:54:34 DEBUG: https://api.github.com:443 "POST /graphql HTTP/1.1" 200 None
2024-10-03 10:54:34 DEBUG: Starting new HTTPS connection (1): api.github.com:443
2024-10-03 10:54:35 DEBUG: https://api.github.com:443 "POST /graphql HTTP/1.1" 200 None
2024-10-03 10:54:35 DEBUG: Starting new HTTPS connection (1): api.github.com:443
2024-10-03 10:54:36 DEBUG: https://api.github.com:443 "POST /graphql HTTP/1.1" 200 None
2024-10-03 10:54:36 DEBUG: Starting new HTTPS connection (1): api.github.com:443
2024-10-03 10:54:36 DEBUG: https://api.github.com:443 "POST /graphql HTTP/1.1" 200 None
2024-10-03 10:54:36 DEBUG: Starting new HTTPS connection (1): api.github.com:443
2024-10-03 10:54:37 DEBUG: https://api.github.com:443 "POST /graphql HTTP/1.1" 200 None
2024-10-03 10:54:37 DEBUG: Starting new HTTPS connection (1): api.github.com:443
2024-10-03 10:54:37 DEBUG: https://api.github.com:443 "POST /graphql HTTP/1.1" 200 None
2024-10-03 10:54:37 DEBUG: Starting new HTTPS connection (1): api.github.com:443
2024-10-03 10:54:38 DEBUG: https://api.github.com:443 "POST /graphql HTTP/1.1" 200 None
2024-10-03 10:54:38 DEBUG: Starting new HTTPS connection (1): api.github.com:443
2024-10-03 10:54:38 DEBUG: https://api.github.com:443 "POST /graphql HTTP/1.1" 200 None
2024-10-03 10:54:38 DEBUG: Starting new HTTPS connection (1): api.github.com:443
2024-10-03 10:54:39 DEBUG: https://api.github.com:443 "POST /graphql HTTP/1.1" 200 None
2024-10-03 10:54:39 DEBUG: Starting new HTTPS connection (1): api.github.com:443
2024-10-03 10:54:40 DEBUG: https://api.github.com:443 "POST /graphql HTTP/1.1" 200 None
2024-10-03 10:54:40 DEBUG: Starting new HTTPS connection (1): api.github.com:443
2024-10-03 10:54:40 DEBUG: https://api.github.com:443 "POST /graphql HTTP/1.1" 200 None
2024-10-03 10:54:40 DEBUG: Starting new HTTPS connection (1): api.github.com:443
2024-10-03 10:54:41 DEBUG: https://api.github.com:443 "POST /graphql HTTP/1.1" 200 None
2024-10-03 10:54:41 DEBUG: Starting new HTTPS connection (1): api.github.com:443
2024-10-03 10:54:42 DEBUG: https://api.github.com:443 "POST /graphql HTTP/1.1" 200 None
2024-10-03 10:54:42 DEBUG: Starting new HTTPS connection (1): api.github.com:443
2024-10-03 10:54:43 DEBUG: https://api.github.com:443 "POST /graphql HTTP/1.1" 200 None
2024-10-03 10:54:43 DEBUG: Starting new HTTPS connection (1): api.github.com:443
2024-10-03 10:54:43 DEBUG: https://api.github.com:443 "POST /graphql HTTP/1.1" 200 None
2024-10-03 10:54:43 DEBUG: Starting new HTTPS connection (1): api.github.com:443
2024-10-03 10:54:44 DEBUG: https://api.github.com:443 "POST /graphql HTTP/1.1" 200 None
2024-10-03 10:54:44 DEBUG: Starting new HTTPS connection (1): api.github.com:443
2024-10-03 10:54:44 DEBUG: https://api.github.com:443 "POST /graphql HTTP/1.1" 200 None
2024-10-03 10:54:44 DEBUG: Starting new HTTPS connection (1): api.github.com:443
2024-10-03 10:54:45 DEBUG: https://api.github.com:443 "POST /graphql HTTP/1.1" 200 None
2024-10-03 10:54:45 DEBUG: Starting new HTTPS connection (1): api.github.com:443
2024-10-03 10:54:46 DEBUG: https://api.github.com:443 "POST /graphql HTTP/1.1" 200 None
2024-10-03 10:54:46 DEBUG: Starting new HTTPS connection (1): api.github.com:443
2024-10-03 10:54:46 DEBUG: https://api.github.com:443 "POST /graphql HTTP/1.1" 200 None
2024-10-03 10:54:46 DEBUG: Starting new HTTPS connection (1): api.github.com:443
2024-10-03 10:54:47 DEBUG: https://api.github.com:443 "POST /graphql HTTP/1.1" 200 None
2024-10-03 10:54:47 DEBUG: Starting new HTTPS connection (1): api.github.com:443
2024-10-03 10:54:47 DEBUG: https://api.github.com:443 "POST /graphql HTTP/1.1" 200 None
2024-10-03 10:54:47 DEBUG: Starting new HTTPS connection (1): api.github.com:443
2024-10-03 10:54:48 DEBUG: https://api.github.com:443 "POST /graphql HTTP/1.1" 200 None
2024-10-03 10:54:48 DEBUG: Starting new HTTPS connection (1): api.github.com:443
2024-10-03 10:54:48 DEBUG: https://api.github.com:443 "POST /graphql HTTP/1.1" 200 None
2024-10-03 10:54:48 DEBUG: Starting new HTTPS connection (1): api.github.com:443
2024-10-03 10:54:49 DEBUG: https://api.github.com:443 "POST /graphql HTTP/1.1" 200 None
2024-10-03 10:54:49 DEBUG: Starting new HTTPS connection (1): api.github.com:443
2024-10-03 10:54:50 DEBUG: https://api.github.com:443 "POST /graphql HTTP/1.1" 200 None
2024-10-03 10:54:50 DEBUG: Starting new HTTPS connection (1): api.github.com:443
2024-10-03 10:54:50 DEBUG: https://api.github.com:443 "POST /graphql HTTP/1.1" 200 None
2024-10-03 10:54:50 DEBUG: Starting new HTTPS connection (1): api.github.com:443
2024-10-03 10:54:51 DEBUG: https://api.github.com:443 "POST /graphql HTTP/1.1" 200 None
2024-10-03 10:54:51 DEBUG: Starting new HTTPS connection (1): api.github.com:443
2024-10-03 10:54:51 DEBUG: https://api.github.com:443 "POST /graphql HTTP/1.1" 200 None
2024-10-03 10:54:51 DEBUG: Starting new HTTPS connection (1): api.github.com:443
2024-10-03 10:54:52 DEBUG: https://api.github.com:443 "POST /graphql HTTP/1.1" 200 None
2024-10-03 10:54:52 DEBUG: Starting new HTTPS connection (1): api.github.com:443
2024-10-03 10:54:53 DEBUG: https://api.github.com:443 "POST /graphql HTTP/1.1" 200 None
2024-10-03 10:54:53 DEBUG: Starting new HTTPS connection (1): api.github.com:443
2024-10-03 10:54:54 DEBUG: https://api.github.com:443 "POST /graphql HTTP/1.1" 200 None
2024-10-03 10:54:54 DEBUG: Starting new HTTPS connection (1): api.github.com:443
2024-10-03 10:54:55 DEBUG: https://api.github.com:443 "POST /graphql HTTP/1.1" 200 None
2024-10-03 10:54:55 DEBUG: Starting new HTTPS connection (1): api.github.com:443
2024-10-03 10:54:55 DEBUG: https://api.github.com:443 "POST /graphql HTTP/1.1" 200 None
2024-10-03 10:54:55 DEBUG: Starting new HTTPS connection (1): api.github.com:443
2024-10-03 10:54:56 DEBUG: https://api.github.com:443 "POST /graphql HTTP/1.1" 200 None
2024-10-03 10:54:56 DEBUG: Starting new HTTPS connection (1): api.github.com:443
2024-10-03 10:54:57 DEBUG: https://api.github.com:443 "POST /graphql HTTP/1.1" 200 None
2024-10-03 10:54:57 DEBUG: Starting new HTTPS connection (1): api.github.com:443
2024-10-03 10:54:57 DEBUG: https://api.github.com:443 "POST /graphql HTTP/1.1" 200 None
2024-10-03 10:54:57 DEBUG: Starting new HTTPS connection (1): api.github.com:443
2024-10-03 10:54:58 DEBUG: https://api.github.com:443 "POST /graphql HTTP/1.1" 200 None
2024-10-03 10:54:58 DEBUG: Starting new HTTPS connection (1): api.github.com:443
2024-10-03 10:54:58 DEBUG: https://api.github.com:443 "POST /graphql HTTP/1.1" 200 None
2024-10-03 10:54:58 DEBUG: Starting new HTTPS connection (1): api.github.com:443
2024-10-03 10:54:59 DEBUG: https://api.github.com:443 "POST /graphql HTTP/1.1" 200 None
2024-10-03 10:54:59 DEBUG: Starting new HTTPS connection (1): api.github.com:443
2024-10-03 10:55:00 DEBUG: https://api.github.com:443 "POST /graphql HTTP/1.1" 200 None
2024-10-03 10:55:00 DEBUG: Starting new HTTPS connection (1): api.github.com:443
2024-10-03 10:55:00 DEBUG: https://api.github.com:443 "POST /graphql HTTP/1.1" 200 None
2024-10-03 10:55:00 DEBUG: Starting new HTTPS connection (1): api.github.com:443
2024-10-03 10:55:01 DEBUG: https://api.github.com:443 "POST /graphql HTTP/1.1" 200 None
2024-10-03 10:55:01 DEBUG: Starting new HTTPS connection (1): api.github.com:443
2024-10-03 10:55:02 DEBUG: https://api.github.com:443 "POST /graphql HTTP/1.1" 200 None
2024-10-03 10:55:02 DEBUG: Starting new HTTPS connection (1): api.github.com:443
2024-10-03 10:55:02 DEBUG: https://api.github.com:443 "POST /graphql HTTP/1.1" 200 None
2024-10-03 10:55:02 DEBUG: Starting new HTTPS connection (1): api.github.com:443
2024-10-03 10:55:03 DEBUG: https://api.github.com:443 "POST /graphql HTTP/1.1" 200 None
2024-10-03 10:55:03 DEBUG: Starting new HTTPS connection (1): api.github.com:443
2024-10-03 10:55:04 DEBUG: https://api.github.com:443 "POST /graphql HTTP/1.1" 200 None
2024-10-03 10:55:04 DEBUG: Starting new HTTPS connection (1): api.github.com:443
2024-10-03 10:55:05 DEBUG: https://api.github.com:443 "POST /graphql HTTP/1.1" 200 None
2024-10-03 10:55:05 DEBUG: Starting new HTTPS connection (1): api.github.com:443
2024-10-03 10:55:05 DEBUG: https://api.github.com:443 "POST /graphql HTTP/1.1" 200 None
2024-10-03 10:55:05 DEBUG: Starting new HTTPS connection (1): api.github.com:443
2024-10-03 10:55:06 DEBUG: https://api.github.com:443 "POST /graphql HTTP/1.1" 200 None
2024-10-03 10:55:06 DEBUG: Starting new HTTPS connection (1): api.github.com:443
2024-10-03 10:55:06 DEBUG: https://api.github.com:443 "POST /graphql HTTP/1.1" 200 None
2024-10-03 10:55:06 DEBUG: Starting new HTTPS connection (1): api.github.com:443
2024-10-03 10:55:07 DEBUG: https://api.github.com:443 "POST /graphql HTTP/1.1" 200 None
2024-10-03 10:55:07 DEBUG: Starting new HTTPS connection (1): api.github.com:443
2024-10-03 10:55:08 DEBUG: https://api.github.com:443 "POST /graphql HTTP/1.1" 200 None
2024-10-03 10:55:08 DEBUG: Starting new HTTPS connection (1): api.github.com:443
2024-10-03 10:55:08 DEBUG: https://api.github.com:443 "POST /graphql HTTP/1.1" 200 None
2024-10-03 10:55:08 DEBUG: Starting new HTTPS connection (1): api.github.com:443
2024-10-03 10:55:09 DEBUG: https://api.github.com:443 "POST /graphql HTTP/1.1" 200 None
2024-10-03 10:55:09 DEBUG: Starting new HTTPS connection (1): api.github.com:443
2024-10-03 10:55:10 DEBUG: https://api.github.com:443 "POST /graphql HTTP/1.1" 200 None
2024-10-03 10:55:10 DEBUG: Starting new HTTPS connection (1): api.github.com:443
2024-10-03 10:55:10 DEBUG: https://api.github.com:443 "POST /graphql HTTP/1.1" 200 None
2024-10-03 10:55:10 DEBUG: Starting new HTTPS connection (1): api.github.com:443
2024-10-03 10:55:11 DEBUG: https://api.github.com:443 "POST /graphql HTTP/1.1" 200 None
2024-10-03 10:55:11 DEBUG: Starting new HTTPS connection (1): api.github.com:443
2024-10-03 10:55:11 DEBUG: https://api.github.com:443 "POST /graphql HTTP/1.1" 200 None
2024-10-03 10:55:11 DEBUG: Starting new HTTPS connection (1): api.github.com:443
2024-10-03 10:55:12 DEBUG: https://api.github.com:443 "POST /graphql HTTP/1.1" 200 None
2024-10-03 10:55:12 DEBUG: Starting new HTTPS connection (1): api.github.com:443
2024-10-03 10:55:13 DEBUG: https://api.github.com:443 "POST /graphql HTTP/1.1" 200 None
2024-10-03 10:55:13 DEBUG: Starting new HTTPS connection (1): api.github.com:443
2024-10-03 10:55:13 DEBUG: https://api.github.com:443 "POST /graphql HTTP/1.1" 200 None
2024-10-03 10:55:13 DEBUG: Starting new HTTPS connection (1): api.github.com:443
2024-10-03 10:55:14 DEBUG: https://api.github.com:443 "POST /graphql HTTP/1.1" 200 None
2024-10-03 10:55:14 DEBUG: Starting new HTTPS connection (1): api.github.com:443
2024-10-03 10:55:14 DEBUG: https://api.github.com:443 "POST /graphql HTTP/1.1" 200 None
2024-10-03 10:55:14 DEBUG: Starting new HTTPS connection (1): api.github.com:443
2024-10-03 10:55:15 DEBUG: https://api.github.com:443 "POST /graphql HTTP/1.1" 200 None
2024-10-03 10:55:15 DEBUG: Starting new HTTPS connection (1): api.github.com:443
2024-10-03 10:55:15 DEBUG: https://api.github.com:443 "POST /graphql HTTP/1.1" 200 None
2024-10-03 10:55:15 DEBUG: Starting new HTTPS connection (1): api.github.com:443
2024-10-03 10:55:16 DEBUG: https://api.github.com:443 "POST /graphql HTTP/1.1" 200 None
2024-10-03 10:55:16 DEBUG: Starting new HTTPS connection (1): api.github.com:443
2024-10-03 10:55:17 DEBUG: https://api.github.com:443 "POST /graphql HTTP/1.1" 200 None
2024-10-03 10:55:17 DEBUG: Starting new HTTPS connection (1): api.github.com:443
2024-10-03 10:55:17 DEBUG: https://api.github.com:443 "POST /graphql HTTP/1.1" 200 None
2024-10-03 10:55:17 DEBUG: Starting new HTTPS connection (1): api.github.com:443
2024-10-03 10:55:18 DEBUG: https://api.github.com:443 "POST /graphql HTTP/1.1" 200 None
2024-10-03 10:55:18 DEBUG: Starting new HTTPS connection (1): api.github.com:443
2024-10-03 10:55:19 DEBUG: https://api.github.com:443 "POST /graphql HTTP/1.1" 200 None
2024-10-03 10:55:19 DEBUG: Starting new HTTPS connection (1): api.github.com:443
2024-10-03 10:55:19 DEBUG: https://api.github.com:443 "POST /graphql HTTP/1.1" 200 None
2024-10-03 10:55:19 DEBUG: Starting new HTTPS connection (1): api.github.com:443
2024-10-03 10:55:20 DEBUG: https://api.github.com:443 "POST /graphql HTTP/1.1" 200 None
2024-10-03 10:55:20 DEBUG: Starting new HTTPS connection (1): api.github.com:443
2024-10-03 10:55:21 DEBUG: https://api.github.com:443 "POST /graphql HTTP/1.1" 200 None
2024-10-03 10:55:21 DEBUG: Starting new HTTPS connection (1): api.github.com:443
2024-10-03 10:55:21 DEBUG: https://api.github.com:443 "POST /graphql HTTP/1.1" 200 None
2024-10-03 10:55:21 DEBUG: Starting new HTTPS connection (1): api.github.com:443
2024-10-03 10:55:22 DEBUG: https://api.github.com:443 "POST /graphql HTTP/1.1" 200 None
2024-10-03 10:55:22 DEBUG: Starting new HTTPS connection (1): api.github.com:443
2024-10-03 10:55:22 DEBUG: https://api.github.com:443 "POST /graphql HTTP/1.1" 200 None
2024-10-03 10:55:22 DEBUG: Starting new HTTPS connection (1): api.github.com:443
2024-10-03 10:55:23 DEBUG: https://api.github.com:443 "POST /graphql HTTP/1.1" 200 None
2024-10-03 10:55:23 DEBUG: Starting new HTTPS connection (1): api.github.com:443
2024-10-03 10:55:24 DEBUG: https://api.github.com:443 "POST /graphql HTTP/1.1" 200 None
2024-10-03 10:55:24 DEBUG: Starting new HTTPS connection (1): api.github.com:443
2024-10-03 10:55:24 DEBUG: https://api.github.com:443 "POST /graphql HTTP/1.1" 200 None
2024-10-03 10:55:24 DEBUG: Starting new HTTPS connection (1): api.github.com:443
2024-10-03 10:55:25 DEBUG: https://api.github.com:443 "POST /graphql HTTP/1.1" 200 None
2024-10-03 10:55:25 DEBUG: Starting new HTTPS connection (1): api.github.com:443
2024-10-03 10:55:25 DEBUG: https://api.github.com:443 "POST /graphql HTTP/1.1" 200 None
2024-10-03 10:55:26 DEBUG: Starting new HTTPS connection (1): api.github.com:443
2024-10-03 10:55:26 DEBUG: https://api.github.com:443 "POST /graphql HTTP/1.1" 200 None
2024-10-03 10:55:26 DEBUG: Starting new HTTPS connection (1): api.github.com:443
2024-10-03 10:55:27 DEBUG: https://api.github.com:443 "POST /graphql HTTP/1.1" 200 None
2024-10-03 10:55:27 DEBUG: Starting new HTTPS connection (1): api.github.com:443
2024-10-03 10:55:27 DEBUG: https://api.github.com:443 "POST /graphql HTTP/1.1" 200 None
2024-10-03 10:55:27 DEBUG: Starting new HTTPS connection (1): api.github.com:443
2024-10-03 10:55:28 DEBUG: https://api.github.com:443 "POST /graphql HTTP/1.1" 200 None
2024-10-03 10:55:28 DEBUG: Starting new HTTPS connection (1): api.github.com:443
2024-10-03 10:55:29 DEBUG: https://api.github.com:443 "POST /graphql HTTP/1.1" 200 None
2024-10-03 10:55:29 DEBUG: Starting new HTTPS connection (1): api.github.com:443
2024-10-03 10:55:29 DEBUG: https://api.github.com:443 "POST /graphql HTTP/1.1" 200 None
2024-10-03 10:55:29 DEBUG: Starting new HTTPS connection (1): api.github.com:443
2024-10-03 10:55:30 DEBUG: https://api.github.com:443 "POST /graphql HTTP/1.1" 200 None
2024-10-03 10:55:30 DEBUG: Starting new HTTPS connection (1): api.github.com:443
2024-10-03 10:55:31 DEBUG: https://api.github.com:443 "POST /graphql HTTP/1.1" 200 None
2024-10-03 10:55:31 DEBUG: Starting new HTTPS connection (1): api.github.com:443
2024-10-03 10:55:31 DEBUG: https://api.github.com:443 "POST /graphql HTTP/1.1" 200 None
2024-10-03 10:55:31 DEBUG: Starting new HTTPS connection (1): api.github.com:443
2024-10-03 10:55:32 DEBUG: https://api.github.com:443 "POST /graphql HTTP/1.1" 200 None
2024-10-03 10:55:32 DEBUG: Starting new HTTPS connection (1): api.github.com:443
2024-10-03 10:55:32 DEBUG: https://api.github.com:443 "POST /graphql HTTP/1.1" 200 None
2024-10-03 10:55:32 DEBUG: Starting new HTTPS connection (1): api.github.com:443
2024-10-03 10:55:33 DEBUG: https://api.github.com:443 "POST /graphql HTTP/1.1" 200 None
2024-10-03 10:55:33 DEBUG: Starting new HTTPS connection (1): api.github.com:443
2024-10-03 10:55:34 DEBUG: https://api.github.com:443 "POST /graphql HTTP/1.1" 200 None
2024-10-03 10:55:34 DEBUG: Starting new HTTPS connection (1): api.github.com:443
2024-10-03 10:55:34 DEBUG: https://api.github.com:443 "POST /graphql HTTP/1.1" 200 None
2024-10-03 10:55:34 DEBUG: Starting new HTTPS connection (1): api.github.com:443
2024-10-03 10:55:35 DEBUG: https://api.github.com:443 "POST /graphql HTTP/1.1" 200 None
2024-10-03 10:55:35 DEBUG: Starting new HTTPS connection (1): api.github.com:443
2024-10-03 10:55:36 DEBUG: https://api.github.com:443 "POST /graphql HTTP/1.1" 200 None
2024-10-03 10:55:36 DEBUG: Starting new HTTPS connection (1): api.github.com:443
2024-10-03 10:55:36 DEBUG: https://api.github.com:443 "POST /graphql HTTP/1.1" 200 None
2024-10-03 10:55:36 DEBUG: Starting new HTTPS connection (1): api.github.com:443
2024-10-03 10:55:37 DEBUG: https://api.github.com:443 "POST /graphql HTTP/1.1" 200 None
2024-10-03 10:55:37 DEBUG: Starting new HTTPS connection (1): api.github.com:443
2024-10-03 10:55:37 DEBUG: https://api.github.com:443 "POST /graphql HTTP/1.1" 200 None
2024-10-03 10:55:37 DEBUG: Starting new HTTPS connection (1): api.github.com:443
2024-10-03 10:55:38 DEBUG: https://api.github.com:443 "POST /graphql HTTP/1.1" 200 None
2024-10-03 10:55:38 DEBUG: Starting new HTTPS connection (1): api.github.com:443
2024-10-03 10:55:39 DEBUG: https://api.github.com:443 "POST /graphql HTTP/1.1" 200 None
2024-10-03 10:55:39 DEBUG: Starting new HTTPS connection (1): api.github.com:443
2024-10-03 10:55:39 DEBUG: https://api.github.com:443 "POST /graphql HTTP/1.1" 200 None
2024-10-03 10:55:39 DEBUG: Starting new HTTPS connection (1): api.github.com:443
2024-10-03 10:55:40 DEBUG: https://api.github.com:443 "POST /graphql HTTP/1.1" 200 None
2024-10-03 10:55:40 DEBUG: Starting new HTTPS connection (1): api.github.com:443
2024-10-03 10:55:40 DEBUG: https://api.github.com:443 "POST /graphql HTTP/1.1" 200 None
2024-10-03 10:55:40 DEBUG: Starting new HTTPS connection (1): api.github.com:443
2024-10-03 10:55:41 DEBUG: https://api.github.com:443 "POST /graphql HTTP/1.1" 200 None
2024-10-03 10:55:41 DEBUG: Starting new HTTPS connection (1): api.github.com:443
2024-10-03 10:55:42 DEBUG: https://api.github.com:443 "POST /graphql HTTP/1.1" 200 None
2024-10-03 10:55:42 DEBUG: Starting new HTTPS connection (1): api.github.com:443
2024-10-03 10:55:42 DEBUG: https://api.github.com:443 "POST /graphql HTTP/1.1" 200 None
2024-10-03 10:55:42 DEBUG: Starting new HTTPS connection (1): api.github.com:443
2024-10-03 10:55:43 DEBUG: https://api.github.com:443 "POST /graphql HTTP/1.1" 200 None
2024-10-03 10:55:43 DEBUG: Starting new HTTPS connection (1): api.github.com:443
2024-10-03 10:55:44 DEBUG: https://api.github.com:443 "POST /graphql HTTP/1.1" 200 None
2024-10-03 10:55:44 DEBUG: Starting new HTTPS connection (1): api.github.com:443
2024-10-03 10:55:44 DEBUG: https://api.github.com:443 "POST /graphql HTTP/1.1" 200 None
2024-10-03 10:55:44 DEBUG: Starting new HTTPS connection (1): api.github.com:443
2024-10-03 10:55:45 DEBUG: https://api.github.com:443 "POST /graphql HTTP/1.1" 200 None
2024-10-03 10:55:45 DEBUG: Starting new HTTPS connection (1): api.github.com:443
2024-10-03 10:55:45 DEBUG: https://api.github.com:443 "POST /graphql HTTP/1.1" 200 None
2024-10-03 10:55:45 DEBUG: Starting new HTTPS connection (1): api.github.com:443
2024-10-03 10:55:46 DEBUG: https://api.github.com:443 "POST /graphql HTTP/1.1" 200 None
2024-10-03 10:55:46 DEBUG: Starting new HTTPS connection (1): api.github.com:443
2024-10-03 10:55:47 DEBUG: https://api.github.com:443 "POST /graphql HTTP/1.1" 200 None
2024-10-03 10:55:47 DEBUG: Starting new HTTPS connection (1): api.github.com:443
2024-10-03 10:55:47 DEBUG: https://api.github.com:443 "POST /graphql HTTP/1.1" 200 None
2024-10-03 10:55:47 DEBUG: Starting new HTTPS connection (1): api.github.com:443
2024-10-03 10:55:48 DEBUG: https://api.github.com:443 "POST /graphql HTTP/1.1" 200 None
2024-10-03 10:55:48 DEBUG: Starting new HTTPS connection (1): api.github.com:443
2024-10-03 10:55:48 DEBUG: https://api.github.com:443 "POST /graphql HTTP/1.1" 200 None
2024-10-03 10:55:48 DEBUG: Starting new HTTPS connection (1): api.github.com:443
2024-10-03 10:55:49 DEBUG: https://api.github.com:443 "POST /graphql HTTP/1.1" 200 None
2024-10-03 10:55:49 DEBUG: Starting new HTTPS connection (1): api.github.com:443
2024-10-03 10:55:50 DEBUG: https://api.github.com:443 "POST /graphql HTTP/1.1" 200 None
2024-10-03 10:55:50 DEBUG: Starting new HTTPS connection (1): api.github.com:443
2024-10-03 10:55:50 DEBUG: https://api.github.com:443 "POST /graphql HTTP/1.1" 200 None
2024-10-03 10:55:50 DEBUG: Starting new HTTPS connection (1): api.github.com:443
2024-10-03 10:55:51 DEBUG: https://api.github.com:443 "POST /graphql HTTP/1.1" 200 None
2024-10-03 10:55:51 DEBUG: Starting new HTTPS connection (1): api.github.com:443
2024-10-03 10:55:51 DEBUG: https://api.github.com:443 "POST /graphql HTTP/1.1" 200 None
2024-10-03 10:55:51 DEBUG: Starting new HTTPS connection (1): api.github.com:443
2024-10-03 10:55:52 DEBUG: https://api.github.com:443 "POST /graphql HTTP/1.1" 200 None
2024-10-03 10:55:52 DEBUG: Starting new HTTPS connection (1): api.github.com:443
2024-10-03 10:55:53 DEBUG: https://api.github.com:443 "POST /graphql HTTP/1.1" 200 None
2024-10-03 10:55:53 DEBUG: Starting new HTTPS connection (1): api.github.com:443
2024-10-03 10:55:53 DEBUG: https://api.github.com:443 "POST /graphql HTTP/1.1" 200 None
2024-10-03 10:55:53 DEBUG: Starting new HTTPS connection (1): api.github.com:443
2024-10-03 10:55:54 DEBUG: https://api.github.com:443 "POST /graphql HTTP/1.1" 200 None
2024-10-03 10:55:54 DEBUG: Starting new HTTPS connection (1): api.github.com:443
2024-10-03 10:55:54 DEBUG: https://api.github.com:443 "POST /graphql HTTP/1.1" 200 None
2024-10-03 10:55:54 DEBUG: Starting new HTTPS connection (1): api.github.com:443
2024-10-03 10:55:55 DEBUG: https://api.github.com:443 "POST /graphql HTTP/1.1" 200 None
2024-10-03 10:55:55 DEBUG: Starting new HTTPS connection (1): api.github.com:443
2024-10-03 10:55:56 DEBUG: https://api.github.com:443 "POST /graphql HTTP/1.1" 200 None
2024-10-03 10:55:56 DEBUG: Starting new HTTPS connection (1): api.github.com:443
2024-10-03 10:55:57 DEBUG: https://api.github.com:443 "POST /graphql HTTP/1.1" 200 None
2024-10-03 10:55:57 DEBUG: Starting new HTTPS connection (1): api.github.com:443
2024-10-03 10:55:57 DEBUG: https://api.github.com:443 "POST /graphql HTTP/1.1" 200 None
2024-10-03 10:55:57 DEBUG: Starting new HTTPS connection (1): api.github.com:443
2024-10-03 10:55:58 DEBUG: https://api.github.com:443 "POST /graphql HTTP/1.1" 200 None
2024-10-03 10:55:58 DEBUG: Starting new HTTPS connection (1): api.github.com:443
2024-10-03 10:55:58 DEBUG: https://api.github.com:443 "POST /graphql HTTP/1.1" 200 None
2024-10-03 10:55:58 DEBUG: Starting new HTTPS connection (1): api.github.com:443
2024-10-03 10:55:59 DEBUG: https://api.github.com:443 "POST /graphql HTTP/1.1" 200 None
2024-10-03 10:55:59 DEBUG: Starting new HTTPS connection (1): api.github.com:443
2024-10-03 10:56:00 DEBUG: https://api.github.com:443 "POST /graphql HTTP/1.1" 200 None
2024-10-03 10:56:00 DEBUG: Starting new HTTPS connection (1): api.github.com:443
2024-10-03 10:56:00 DEBUG: https://api.github.com:443 "POST /graphql HTTP/1.1" 200 None
2024-10-03 10:56:00 DEBUG: Starting new HTTPS connection (1): api.github.com:443
2024-10-03 10:56:01 DEBUG: https://api.github.com:443 "POST /graphql HTTP/1.1" 200 None
2024-10-03 10:56:01 DEBUG: Starting new HTTPS connection (1): api.github.com:443
2024-10-03 10:56:01 DEBUG: https://api.github.com:443 "POST /graphql HTTP/1.1" 200 None
2024-10-03 10:56:01 DEBUG: Starting new HTTPS connection (1): api.github.com:443
2024-10-03 10:56:02 DEBUG: https://api.github.com:443 "POST /graphql HTTP/1.1" 200 None
2024-10-03 10:56:02 DEBUG: Starting new HTTPS connection (1): api.github.com:443
2024-10-03 10:56:03 DEBUG: https://api.github.com:443 "POST /graphql HTTP/1.1" 200 None
2024-10-03 10:56:03 DEBUG: Starting new HTTPS connection (1): api.github.com:443
2024-10-03 10:56:03 DEBUG: https://api.github.com:443 "POST /graphql HTTP/1.1" 200 None
2024-10-03 10:56:03 DEBUG: Starting new HTTPS connection (1): api.github.com:443
2024-10-03 10:56:04 DEBUG: https://api.github.com:443 "POST /graphql HTTP/1.1" 200 None
2024-10-03 10:56:04 DEBUG: Starting new HTTPS connection (1): api.github.com:443
2024-10-03 10:56:05 DEBUG: https://api.github.com:443 "POST /graphql HTTP/1.1" 200 None
2024-10-03 10:56:05 DEBUG: Starting new HTTPS connection (1): api.github.com:443
2024-10-03 10:56:05 DEBUG: https://api.github.com:443 "POST /graphql HTTP/1.1" 200 None
2024-10-03 10:56:05 DEBUG: Starting new HTTPS connection (1): api.github.com:443
2024-10-03 10:56:06 DEBUG: https://api.github.com:443 "POST /graphql HTTP/1.1" 200 None
2024-10-03 10:56:06 DEBUG: Starting new HTTPS connection (1): api.github.com:443
2024-10-03 10:56:07 DEBUG: https://api.github.com:443 "POST /graphql HTTP/1.1" 200 None
2024-10-03 10:56:07 DEBUG: Starting new HTTPS connection (1): api.github.com:443
2024-10-03 10:56:07 DEBUG: https://api.github.com:443 "POST /graphql HTTP/1.1" 200 None
2024-10-03 10:56:07 DEBUG: Starting new HTTPS connection (1): api.github.com:443
2024-10-03 10:56:08 DEBUG: https://api.github.com:443 "POST /graphql HTTP/1.1" 200 None
2024-10-03 10:56:08 DEBUG: Starting new HTTPS connection (1): api.github.com:443
2024-10-03 10:56:08 DEBUG: https://api.github.com:443 "POST /graphql HTTP/1.1" 200 None
2024-10-03 10:56:08 DEBUG: Starting new HTTPS connection (1): api.github.com:443
2024-10-03 10:56:09 DEBUG: https://api.github.com:443 "POST /graphql HTTP/1.1" 200 None
2024-10-03 10:56:09 DEBUG: Starting new HTTPS connection (1): api.github.com:443
2024-10-03 10:56:10 DEBUG: https://api.github.com:443 "POST /graphql HTTP/1.1" 200 None
2024-10-03 10:56:10 DEBUG: Starting new HTTPS connection (1): api.github.com:443
2024-10-03 10:56:10 DEBUG: https://api.github.com:443 "POST /graphql HTTP/1.1" 200 None
2024-10-03 10:56:10 DEBUG: Starting new HTTPS connection (1): api.github.com:443
2024-10-03 10:56:11 DEBUG: https://api.github.com:443 "POST /graphql HTTP/1.1" 200 None
2024-10-03 10:56:11 DEBUG: Starting new HTTPS connection (1): api.github.com:443
2024-10-03 10:56:11 DEBUG: https://api.github.com:443 "POST /graphql HTTP/1.1" 200 None
2024-10-03 10:56:11 DEBUG: Starting new HTTPS connection (1): api.github.com:443
2024-10-03 10:56:12 DEBUG: https://api.github.com:443 "POST /graphql HTTP/1.1" 200 None
2024-10-03 10:56:12 DEBUG: Starting new HTTPS connection (1): api.github.com:443
2024-10-03 10:56:13 DEBUG: https://api.github.com:443 "POST /graphql HTTP/1.1" 200 None
2024-10-03 10:56:13 DEBUG: Starting new HTTPS connection (1): api.github.com:443
2024-10-03 10:56:27 DEBUG: Starting new HTTPS connection (1): api.github.com:443
2024-10-03 10:56:29 DEBUG: https://api.github.com:443 "POST /graphql HTTP/1.1" 200 None
2024-10-03 10:56:29 DEBUG: Starting new HTTPS connection (1): api.github.com:443
2024-10-03 10:56:31 DEBUG: https://api.github.com:443 "POST /graphql HTTP/1.1" 200 None
2024-10-03 10:56:53 DEBUG: Starting new HTTPS connection (1): api.github.com:443
2024-10-03 10:56:54 DEBUG: https://api.github.com:443 "POST /graphql HTTP/1.1" 200 None
2024-10-03 10:56:54 DEBUG: Starting new HTTPS connection (1): api.github.com:443
2024-10-03 10:56:56 DEBUG: https://api.github.com:443 "POST /graphql HTTP/1.1" 200 None
2024-10-03 10:56:56 DEBUG: Starting new HTTPS connection (1): api.github.com:443
2024-10-03 10:56:59 DEBUG: https://api.github.com:443 "POST /graphql HTTP/1.1" 200 None
2024-10-03 10:56:59 DEBUG: Starting new HTTPS connection (1): api.github.com:443
2024-10-03 10:57:01 DEBUG: https://api.github.com:443 "POST /graphql HTTP/1.1" 200 None
2024-10-03 10:57:01 DEBUG: Starting new HTTPS connection (1): api.github.com:443
2024-10-03 10:57:06 DEBUG: https://api.github.com:443 "POST /graphql HTTP/1.1" 200 None
2024-10-03 10:57:06 DEBUG: Starting new HTTPS connection (1): api.github.com:443
2024-10-03 10:57:09 DEBUG: https://api.github.com:443 "POST /graphql HTTP/1.1" 200 None
2024-10-03 10:57:09 DEBUG: Starting new HTTPS connection (1): api.github.com:443
2024-10-03 10:57:14 DEBUG: https://api.github.com:443 "POST /graphql HTTP/1.1" 200 None
2024-10-03 10:57:14 DEBUG: Starting new HTTPS connection (1): api.github.com:443
2024-10-03 10:57:18 DEBUG: https://api.github.com:443 "POST /graphql HTTP/1.1" 200 None
2024-10-03 10:57:18 DEBUG: Starting new HTTPS connection (1): api.github.com:443
2024-10-03 10:57:29 DEBUG: https://api.github.com:443 "POST /graphql HTTP/1.1" 502 None
2024-10-03 10:57:29 ERROR: Failed request with status code: 502
2024-10-03 10:57:29 ERROR: GitHub API error: Erro na requisição para a API do GitHub. Status Code: 502
2024-10-03 10:59:06 DEBUG: Starting new HTTPS connection (1): api.github.com:443
2024-10-03 10:59:08 DEBUG: https://api.github.com:443 "POST /graphql HTTP/1.1" 200 None
2024-10-03 10:59:08 DEBUG: Starting new HTTPS connection (1): api.github.com:443
2024-10-03 10:59:10 DEBUG: https://api.github.com:443 "POST /graphql HTTP/1.1" 200 None
2024-10-03 10:59:10 DEBUG: Starting new HTTPS connection (1): api.github.com:443
2024-10-03 10:59:12 DEBUG: https://api.github.com:443 "POST /graphql HTTP/1.1" 200 None
2024-10-03 10:59:12 DEBUG: Starting new HTTPS connection (1): api.github.com:443
2024-10-03 10:59:14 DEBUG: https://api.github.com:443 "POST /graphql HTTP/1.1" 200 None
2024-10-03 10:59:14 DEBUG: Starting new HTTPS connection (1): api.github.com:443
2024-10-03 10:59:18 DEBUG: https://api.github.com:443 "POST /graphql HTTP/1.1" 200 None
2024-10-03 10:59:18 DEBUG: Starting new HTTPS connection (1): api.github.com:443
2024-10-03 10:59:21 DEBUG: https://api.github.com:443 "POST /graphql HTTP/1.1" 200 None
2024-10-03 10:59:21 DEBUG: Starting new HTTPS connection (1): api.github.com:443
2024-10-03 10:59:23 DEBUG: https://api.github.com:443 "POST /graphql HTTP/1.1" 200 None
2024-10-03 10:59:23 DEBUG: Starting new HTTPS connection (1): api.github.com:443
2024-10-03 10:59:26 DEBUG: https://api.github.com:443 "POST /graphql HTTP/1.1" 200 None
2024-10-03 10:59:26 DEBUG: Starting new HTTPS connection (1): api.github.com:443
2024-10-03 10:59:36 DEBUG: https://api.github.com:443 "POST /graphql HTTP/1.1" 200 None
2024-10-03 10:59:36 DEBUG: Starting new HTTPS connection (1): api.github.com:443
2024-10-03 10:59:47 DEBUG: https://api.github.com:443 "POST /graphql HTTP/1.1" 200 None
2024-10-03 10:59:47 DEBUG: Starting new HTTPS connection (1): api.github.com:443
2024-10-03 10:59:55 DEBUG: https://api.github.com:443 "POST /graphql HTTP/1.1" 200 None
2024-10-03 10:59:55 DEBUG: Starting new HTTPS connection (1): api.github.com:443
2024-10-03 10:59:59 DEBUG: https://api.github.com:443 "POST /graphql HTTP/1.1" 200 None
2024-10-03 10:59:59 DEBUG: Starting new HTTPS connection (1): api.github.com:443
2024-10-03 11:00:09 DEBUG: https://api.github.com:443 "POST /graphql HTTP/1.1" 502 None
2024-10-03 11:00:09 ERROR: Failed request with status code: 502
2024-10-03 11:00:09 ERROR: GitHub API error: Erro na requisição para a API do GitHub. Status Code: 502
2024-10-03 11:01:37 DEBUG: Starting new HTTPS connection (1): api.github.com:443
2024-10-03 11:01:39 DEBUG: https://api.github.com:443 "POST /graphql HTTP/1.1" 200 None
2024-10-03 11:01:39 DEBUG: Starting new HTTPS connection (1): api.github.com:443
2024-10-03 11:01:53 DEBUG: Starting new HTTPS connection (1): api.github.com:443
2024-10-03 11:01:57 DEBUG: https://api.github.com:443 "POST /graphql HTTP/1.1" 200 None
2024-10-03 11:01:57 DEBUG: Starting new HTTPS connection (1): api.github.com:443
2024-10-03 11:01:59 DEBUG: https://api.github.com:443 "POST /graphql HTTP/1.1" 200 None
2024-10-03 11:01:59 DEBUG: Starting new HTTPS connection (1): api.github.com:443
2024-10-03 11:02:00 DEBUG: https://api.github.com:443 "POST /graphql HTTP/1.1" 200 None
2024-10-03 11:02:00 DEBUG: Starting new HTTPS connection (1): api.github.com:443
2024-10-03 11:02:04 DEBUG: https://api.github.com:443 "POST /graphql HTTP/1.1" 200 None
2024-10-03 11:02:04 DEBUG: Starting new HTTPS connection (1): api.github.com:443
2024-10-03 11:02:05 DEBUG: https://api.github.com:443 "POST /graphql HTTP/1.1" 200 None
2024-10-03 11:02:05 DEBUG: Starting new HTTPS connection (1): api.github.com:443
2024-10-03 11:02:10 DEBUG: https://api.github.com:443 "POST /graphql HTTP/1.1" 200 None
2024-10-03 11:02:10 DEBUG: Starting new HTTPS connection (1): api.github.com:443
2024-10-03 11:02:12 DEBUG: https://api.github.com:443 "POST /graphql HTTP/1.1" 200 None
2024-10-03 11:02:12 DEBUG: Starting new HTTPS connection (1): api.github.com:443
2024-10-03 11:02:14 DEBUG: https://api.github.com:443 "POST /graphql HTTP/1.1" 200 None
2024-10-03 11:02:14 DEBUG: Starting new HTTPS connection (1): api.github.com:443
2024-10-03 11:02:19 DEBUG: https://api.github.com:443 "POST /graphql HTTP/1.1" 200 None
2024-10-03 11:02:19 DEBUG: Starting new HTTPS connection (1): api.github.com:443
2024-10-03 11:02:26 DEBUG: https://api.github.com:443 "POST /graphql HTTP/1.1" 200 None
2024-10-03 11:02:26 DEBUG: Starting new HTTPS connection (1): api.github.com:443
2024-10-03 11:02:33 DEBUG: https://api.github.com:443 "POST /graphql HTTP/1.1" 200 None
2024-10-03 11:02:33 DEBUG: Starting new HTTPS connection (1): api.github.com:443
2024-10-03 11:02:42 DEBUG: https://api.github.com:443 "POST /graphql HTTP/1.1" 200 None
2024-10-03 11:02:42 DEBUG: Starting new HTTPS connection (1): api.github.com:443
2024-10-03 11:02:52 DEBUG: https://api.github.com:443 "POST /graphql HTTP/1.1" 200 None
2024-10-03 11:03:24 DEBUG: Starting new HTTPS connection (1): api.github.com:443
2024-10-03 11:03:26 DEBUG: https://api.github.com:443 "POST /graphql HTTP/1.1" 200 None
2024-10-03 11:03:26 DEBUG: Starting new HTTPS connection (1): api.github.com:443
2024-10-03 11:03:27 DEBUG: https://api.github.com:443 "POST /graphql HTTP/1.1" 200 None
2024-10-03 11:03:27 DEBUG: Starting new HTTPS connection (1): api.github.com:443
2024-10-03 11:03:29 DEBUG: https://api.github.com:443 "POST /graphql HTTP/1.1" 200 None
2024-10-03 11:03:29 DEBUG: Starting new HTTPS connection (1): api.github.com:443
2024-10-03 11:03:36 DEBUG: https://api.github.com:443 "POST /graphql HTTP/1.1" 200 None
2024-10-03 11:03:36 DEBUG: Starting new HTTPS connection (1): api.github.com:443
2024-10-03 11:03:39 DEBUG: https://api.github.com:443 "POST /graphql HTTP/1.1" 200 None
2024-10-03 11:03:39 DEBUG: Starting new HTTPS connection (1): api.github.com:443
2024-10-03 11:03:43 DEBUG: https://api.github.com:443 "POST /graphql HTTP/1.1" 200 None
2024-10-03 11:03:43 DEBUG: Starting new HTTPS connection (1): api.github.com:443
2024-10-03 11:03:46 DEBUG: https://api.github.com:443 "POST /graphql HTTP/1.1" 200 None
2024-10-03 11:03:46 DEBUG: Starting new HTTPS connection (1): api.github.com:443
2024-10-03 11:03:48 DEBUG: https://api.github.com:443 "POST /graphql HTTP/1.1" 200 None
2024-10-03 11:03:48 DEBUG: Starting new HTTPS connection (1): api.github.com:443
2024-10-03 11:03:55 DEBUG: https://api.github.com:443 "POST /graphql HTTP/1.1" 200 None
2024-10-03 11:03:55 DEBUG: Starting new HTTPS connection (1): api.github.com:443
2024-10-03 11:04:01 DEBUG: https://api.github.com:443 "POST /graphql HTTP/1.1" 200 None
2024-10-03 11:04:01 DEBUG: Starting new HTTPS connection (1): api.github.com:443
2024-10-03 11:04:04 DEBUG: https://api.github.com:443 "POST /graphql HTTP/1.1" 200 None
2024-10-03 11:04:04 DEBUG: Starting new HTTPS connection (1): api.github.com:443
2024-10-03 11:04:14 DEBUG: https://api.github.com:443 "POST /graphql HTTP/1.1" 502 None
2024-10-03 11:04:14 ERROR: Failed request with status code: 502
2024-10-03 11:04:14 ERROR: GitHub API error: Erro na requisição para a API do GitHub. Status Code: 502
2024-10-03 11:05:45 DEBUG: Starting new HTTPS connection (1): api.github.com:443
2024-10-03 11:05:47 DEBUG: https://api.github.com:443 "POST /graphql HTTP/1.1" 200 None
2024-10-03 11:05:47 DEBUG: Starting new HTTPS connection (1): api.github.com:443
2024-10-03 11:05:48 DEBUG: https://api.github.com:443 "POST /graphql HTTP/1.1" 200 None
2024-10-03 11:05:48 DEBUG: Starting new HTTPS connection (1): api.github.com:443
2024-10-03 11:05:49 DEBUG: https://api.github.com:443 "POST /graphql HTTP/1.1" 200 None
2024-10-03 11:05:49 DEBUG: Starting new HTTPS connection (1): api.github.com:443
2024-10-03 11:05:51 DEBUG: https://api.github.com:443 "POST /graphql HTTP/1.1" 200 None
2024-10-03 11:05:51 DEBUG: Starting new HTTPS connection (1): api.github.com:443
2024-10-03 11:05:53 DEBUG: https://api.github.com:443 "POST /graphql HTTP/1.1" 200 None
2024-10-03 11:05:53 DEBUG: Starting new HTTPS connection (1): api.github.com:443
2024-10-03 11:05:56 DEBUG: https://api.github.com:443 "POST /graphql HTTP/1.1" 200 None
2024-10-03 11:05:56 DEBUG: Starting new HTTPS connection (1): api.github.com:443
2024-10-03 11:05:57 DEBUG: https://api.github.com:443 "POST /graphql HTTP/1.1" 200 None
2024-10-03 11:05:57 DEBUG: Starting new HTTPS connection (1): api.github.com:443
2024-10-03 11:06:01 DEBUG: https://api.github.com:443 "POST /graphql HTTP/1.1" 200 None
2024-10-03 11:06:01 DEBUG: Starting new HTTPS connection (1): api.github.com:443
2024-10-03 11:06:03 DEBUG: https://api.github.com:443 "POST /graphql HTTP/1.1" 200 None
2024-10-03 11:06:03 DEBUG: Starting new HTTPS connection (1): api.github.com:443
2024-10-03 11:06:05 DEBUG: https://api.github.com:443 "POST /graphql HTTP/1.1" 200 None
2024-10-03 11:06:05 DEBUG: Starting new HTTPS connection (1): api.github.com:443
2024-10-03 11:06:06 DEBUG: https://api.github.com:443 "POST /graphql HTTP/1.1" 200 None
2024-10-03 11:06:06 DEBUG: Starting new HTTPS connection (1): api.github.com:443
2024-10-03 11:06:08 DEBUG: https://api.github.com:443 "POST /graphql HTTP/1.1" 200 None
2024-10-03 11:06:08 DEBUG: Starting new HTTPS connection (1): api.github.com:443
2024-10-03 11:06:10 DEBUG: https://api.github.com:443 "POST /graphql HTTP/1.1" 200 None
2024-10-03 11:06:10 DEBUG: Starting new HTTPS connection (1): api.github.com:443
2024-10-03 11:06:12 DEBUG: https://api.github.com:443 "POST /graphql HTTP/1.1" 200 None
2024-10-03 11:06:12 DEBUG: Starting new HTTPS connection (1): api.github.com:443
2024-10-03 11:06:19 DEBUG: https://api.github.com:443 "POST /graphql HTTP/1.1" 200 None
2024-10-03 11:06:19 DEBUG: Starting new HTTPS connection (1): api.github.com:443
2024-10-03 11:06:22 DEBUG: https://api.github.com:443 "POST /graphql HTTP/1.1" 200 None
2024-10-03 11:06:22 DEBUG: Starting new HTTPS connection (1): api.github.com:443
2024-10-03 11:06:30 DEBUG: https://api.github.com:443 "POST /graphql HTTP/1.1" 200 None
2024-10-03 11:06:30 DEBUG: Starting new HTTPS connection (1): api.github.com:443
2024-10-03 11:06:40 DEBUG: https://api.github.com:443 "POST /graphql HTTP/1.1" 200 None
2024-10-03 11:06:40 DEBUG: Starting new HTTPS connection (1): api.github.com:443
2024-10-03 11:06:42 DEBUG: https://api.github.com:443 "POST /graphql HTTP/1.1" 200 None
2024-10-03 11:06:42 DEBUG: Starting new HTTPS connection (1): api.github.com:443
2024-10-03 11:06:50 DEBUG: https://api.github.com:443 "POST /graphql HTTP/1.1" 200 None
2024-10-03 11:06:50 DEBUG: Starting new HTTPS connection (1): api.github.com:443
2024-10-03 11:06:56 DEBUG: https://api.github.com:443 "POST /graphql HTTP/1.1" 200 None
2024-10-03 11:06:56 DEBUG: Starting new HTTPS connection (1): api.github.com:443
2024-10-03 11:07:05 DEBUG: https://api.github.com:443 "POST /graphql HTTP/1.1" 200 None
2024-10-03 11:07:05 DEBUG: Starting new HTTPS connection (1): api.github.com:443
2024-10-03 11:07:07 DEBUG: https://api.github.com:443 "POST /graphql HTTP/1.1" 200 None
2024-10-03 11:07:07 DEBUG: Starting new HTTPS connection (1): api.github.com:443
2024-10-03 11:07:11 DEBUG: https://api.github.com:443 "POST /graphql HTTP/1.1" 200 None
2024-10-03 11:07:11 DEBUG: Starting new HTTPS connection (1): api.github.com:443
2024-10-03 11:07:13 DEBUG: https://api.github.com:443 "POST /graphql HTTP/1.1" 200 None
2024-10-03 11:07:13 DEBUG: Starting new HTTPS connection (1): api.github.com:443
2024-10-03 11:07:18 DEBUG: https://api.github.com:443 "POST /graphql HTTP/1.1" 200 None
2024-10-03 11:07:18 DEBUG: Starting new HTTPS connection (1): api.github.com:443
2024-10-03 11:07:20 DEBUG: https://api.github.com:443 "POST /graphql HTTP/1.1" 200 None
2024-10-03 11:07:20 DEBUG: Starting new HTTPS connection (1): api.github.com:443
2024-10-03 11:07:28 DEBUG: https://api.github.com:443 "POST /graphql HTTP/1.1" 200 None
2024-10-03 11:07:28 DEBUG: Starting new HTTPS connection (1): api.github.com:443
2024-10-03 11:07:34 DEBUG: https://api.github.com:443 "POST /graphql HTTP/1.1" 200 None
2024-10-03 11:07:34 DEBUG: Starting new HTTPS connection (1): api.github.com:443
2024-10-03 11:07:36 DEBUG: https://api.github.com:443 "POST /graphql HTTP/1.1" 200 None
2024-10-03 11:07:36 DEBUG: Starting new HTTPS connection (1): api.github.com:443
2024-10-03 11:07:46 DEBUG: https://api.github.com:443 "POST /graphql HTTP/1.1" 200 None
2024-10-03 11:07:46 DEBUG: Starting new HTTPS connection (1): api.github.com:443
2024-10-03 11:07:53 DEBUG: https://api.github.com:443 "POST /graphql HTTP/1.1" 200 None
2024-10-03 11:07:53 DEBUG: Starting new HTTPS connection (1): api.github.com:443
2024-10-03 11:07:56 DEBUG: https://api.github.com:443 "POST /graphql HTTP/1.1" 200 None
2024-10-03 11:07:56 DEBUG: Starting new HTTPS connection (1): api.github.com:443
2024-10-03 11:07:58 DEBUG: https://api.github.com:443 "POST /graphql HTTP/1.1" 200 None
2024-10-03 11:07:58 DEBUG: Starting new HTTPS connection (1): api.github.com:443
2024-10-03 11:07:59 DEBUG: https://api.github.com:443 "POST /graphql HTTP/1.1" 200 None
2024-10-03 11:07:59 DEBUG: Starting new HTTPS connection (1): api.github.com:443
2024-10-03 11:08:04 DEBUG: https://api.github.com:443 "POST /graphql HTTP/1.1" 200 None
2024-10-03 11:08:04 DEBUG: Starting new HTTPS connection (1): api.github.com:443
2024-10-03 11:08:06 DEBUG: https://api.github.com:443 "POST /graphql HTTP/1.1" 200 None
2024-10-03 11:08:06 DEBUG: Starting new HTTPS connection (1): api.github.com:443
2024-10-03 11:08:17 DEBUG: https://api.github.com:443 "POST /graphql HTTP/1.1" 502 None
2024-10-03 11:08:17 ERROR: Failed request with status code: 502
2024-10-03 11:08:17 ERROR: GitHub API error: Erro na requisição para a API do GitHub. Status Code: 502
2024-10-03 11:10:06 DEBUG: Starting new HTTPS connection (1): api.github.com:443
2024-10-03 11:10:08 DEBUG: https://api.github.com:443 "POST /graphql HTTP/1.1" 200 None
2024-10-03 11:10:08 DEBUG: Starting new HTTPS connection (1): api.github.com:443
2024-10-03 11:10:09 DEBUG: https://api.github.com:443 "POST /graphql HTTP/1.1" 200 None
2024-10-03 11:10:09 DEBUG: Starting new HTTPS connection (1): api.github.com:443
2024-10-03 11:10:11 DEBUG: https://api.github.com:443 "POST /graphql HTTP/1.1" 200 None
2024-10-03 11:10:11 DEBUG: Starting new HTTPS connection (1): api.github.com:443
2024-10-03 11:10:17 DEBUG: https://api.github.com:443 "POST /graphql HTTP/1.1" 200 None
2024-10-03 11:10:17 DEBUG: Starting new HTTPS connection (1): api.github.com:443
2024-10-03 11:10:19 DEBUG: https://api.github.com:443 "POST /graphql HTTP/1.1" 200 None
2024-10-03 11:10:19 DEBUG: Starting new HTTPS connection (1): api.github.com:443
2024-10-03 11:10:22 DEBUG: https://api.github.com:443 "POST /graphql HTTP/1.1" 200 None
2024-10-03 11:10:22 DEBUG: Starting new HTTPS connection (1): api.github.com:443
2024-10-03 11:10:23 DEBUG: https://api.github.com:443 "POST /graphql HTTP/1.1" 200 None
2024-10-03 11:10:23 DEBUG: Starting new HTTPS connection (1): api.github.com:443
2024-10-03 11:10:25 DEBUG: https://api.github.com:443 "POST /graphql HTTP/1.1" 200 None
2024-10-03 11:10:25 DEBUG: Starting new HTTPS connection (1): api.github.com:443
2024-10-03 11:10:28 DEBUG: https://api.github.com:443 "POST /graphql HTTP/1.1" 200 None
2024-10-03 11:10:28 DEBUG: Starting new HTTPS connection (1): api.github.com:443
2024-10-03 11:10:29 DEBUG: https://api.github.com:443 "POST /graphql HTTP/1.1" 200 None
2024-10-03 11:10:29 DEBUG: Starting new HTTPS connection (1): api.github.com:443
2024-10-03 11:10:31 DEBUG: https://api.github.com:443 "POST /graphql HTTP/1.1" 200 None
2024-10-03 11:10:31 DEBUG: Starting new HTTPS connection (1): api.github.com:443
2024-10-03 11:10:33 DEBUG: https://api.github.com:443 "POST /graphql HTTP/1.1" 200 None
2024-10-03 11:10:33 DEBUG: Starting new HTTPS connection (1): api.github.com:443
2024-10-03 11:10:50 DEBUG: Starting new HTTPS connection (1): api.github.com:443
2024-10-03 11:10:52 DEBUG: https://api.github.com:443 "POST /graphql HTTP/1.1" 200 None
2024-10-03 11:10:52 DEBUG: Starting new HTTPS connection (1): api.github.com:443
2024-10-03 11:10:54 DEBUG: https://api.github.com:443 "POST /graphql HTTP/1.1" 200 None
2024-10-03 11:10:54 DEBUG: Starting new HTTPS connection (1): api.github.com:443
2024-10-03 11:10:55 DEBUG: https://api.github.com:443 "POST /graphql HTTP/1.1" 200 None
2024-10-03 11:10:55 DEBUG: Starting new HTTPS connection (1): api.github.com:443
2024-10-03 11:10:57 DEBUG: https://api.github.com:443 "POST /graphql HTTP/1.1" 200 None
2024-10-03 11:10:57 DEBUG: Starting new HTTPS connection (1): api.github.com:443
2024-10-03 11:10:59 DEBUG: https://api.github.com:443 "POST /graphql HTTP/1.1" 200 None
2024-10-03 11:10:59 DEBUG: Starting new HTTPS connection (1): api.github.com:443
2024-10-03 11:11:03 DEBUG: https://api.github.com:443 "POST /graphql HTTP/1.1" 200 None
2024-10-03 11:11:03 DEBUG: Starting new HTTPS connection (1): api.github.com:443
2024-10-03 11:11:06 DEBUG: https://api.github.com:443 "POST /graphql HTTP/1.1" 200 None
2024-10-03 11:11:06 DEBUG: Starting new HTTPS connection (1): api.github.com:443
2024-10-03 11:11:08 DEBUG: https://api.github.com:443 "POST /graphql HTTP/1.1" 200 None
2024-10-03 11:11:08 DEBUG: Starting new HTTPS connection (1): api.github.com:443
2024-10-03 11:11:10 DEBUG: https://api.github.com:443 "POST /graphql HTTP/1.1" 200 None
2024-10-03 11:11:10 DEBUG: Starting new HTTPS connection (1): api.github.com:443
2024-10-03 11:11:11 DEBUG: https://api.github.com:443 "POST /graphql HTTP/1.1" 200 None
2024-10-03 11:11:11 DEBUG: Starting new HTTPS connection (1): api.github.com:443
2024-10-03 11:11:13 DEBUG: https://api.github.com:443 "POST /graphql HTTP/1.1" 200 None
2024-10-03 11:11:13 DEBUG: Starting new HTTPS connection (1): api.github.com:443
2024-10-03 11:11:19 DEBUG: https://api.github.com:443 "POST /graphql HTTP/1.1" 200 None
2024-10-03 11:11:19 DEBUG: Starting new HTTPS connection (1): api.github.com:443
2024-10-03 11:11:22 DEBUG: https://api.github.com:443 "POST /graphql HTTP/1.1" 200 None
2024-10-03 11:11:22 DEBUG: Starting new HTTPS connection (1): api.github.com:443
2024-10-03 11:11:26 DEBUG: https://api.github.com:443 "POST /graphql HTTP/1.1" 200 None
2024-10-03 11:11:26 DEBUG: Starting new HTTPS connection (1): api.github.com:443
2024-10-03 11:11:30 DEBUG: https://api.github.com:443 "POST /graphql HTTP/1.1" 200 None
2024-10-03 11:11:30 DEBUG: Starting new HTTPS connection (1): api.github.com:443
2024-10-03 11:11:41 DEBUG: https://api.github.com:443 "POST /graphql HTTP/1.1" 502 None
2024-10-03 11:11:41 ERROR: Failed request with status code: 502
2024-10-03 11:11:41 ERROR: GitHub API error: {
   "data": null,
   "errors":[
      {
         "message":"Something went wrong while executing your query. This may be the result of a timeout, or it could be a GitHub bug. Please include `2598:11F83A:1753B92:1855384:66FEA612` when reporting this issue."
      }
   ]
}
. Status Code: 502
2024-10-03 11:12:38 DEBUG: Starting new HTTPS connection (1): api.github.com:443
2024-10-03 11:12:40 DEBUG: https://api.github.com:443 "POST /graphql HTTP/1.1" 200 None
2024-10-03 11:12:40 DEBUG: Starting new HTTPS connection (1): api.github.com:443
2024-10-03 11:12:41 DEBUG: https://api.github.com:443 "POST /graphql HTTP/1.1" 200 None
2024-10-03 11:12:41 DEBUG: Starting new HTTPS connection (1): api.github.com:443
2024-10-03 11:12:42 DEBUG: https://api.github.com:443 "POST /graphql HTTP/1.1" 200 None
2024-10-03 11:12:42 DEBUG: Starting new HTTPS connection (1): api.github.com:443
2024-10-03 11:12:45 DEBUG: https://api.github.com:443 "POST /graphql HTTP/1.1" 200 None
2024-10-03 11:12:45 DEBUG: Starting new HTTPS connection (1): api.github.com:443
2024-10-03 11:12:46 DEBUG: https://api.github.com:443 "POST /graphql HTTP/1.1" 200 None
2024-10-03 11:12:46 DEBUG: Starting new HTTPS connection (1): api.github.com:443
2024-10-03 11:12:50 DEBUG: https://api.github.com:443 "POST /graphql HTTP/1.1" 200 None
2024-10-03 11:12:50 DEBUG: Starting new HTTPS connection (1): api.github.com:443
2024-10-03 11:12:51 DEBUG: https://api.github.com:443 "POST /graphql HTTP/1.1" 200 None
2024-10-03 11:12:51 DEBUG: Starting new HTTPS connection (1): api.github.com:443
2024-10-03 11:12:54 DEBUG: https://api.github.com:443 "POST /graphql HTTP/1.1" 200 None
2024-10-03 11:12:54 DEBUG: Starting new HTTPS connection (1): api.github.com:443
2024-10-03 11:12:57 DEBUG: https://api.github.com:443 "POST /graphql HTTP/1.1" 200 None
2024-10-03 11:12:57 DEBUG: Starting new HTTPS connection (1): api.github.com:443
2024-10-03 11:12:58 DEBUG: https://api.github.com:443 "POST /graphql HTTP/1.1" 200 None
2024-10-03 11:12:58 DEBUG: Starting new HTTPS connection (1): api.github.com:443
2024-10-03 11:13:00 DEBUG: https://api.github.com:443 "POST /graphql HTTP/1.1" 200 None
2024-10-03 11:13:00 DEBUG: Starting new HTTPS connection (1): api.github.com:443
2024-10-03 11:13:06 DEBUG: https://api.github.com:443 "POST /graphql HTTP/1.1" 200 None
2024-10-03 11:13:06 DEBUG: Starting new HTTPS connection (1): api.github.com:443
2024-10-03 11:13:08 DEBUG: https://api.github.com:443 "POST /graphql HTTP/1.1" 200 None
2024-10-03 11:13:08 DEBUG: Starting new HTTPS connection (1): api.github.com:443
2024-10-03 11:13:10 DEBUG: https://api.github.com:443 "POST /graphql HTTP/1.1" 200 None
2024-10-03 11:13:10 DEBUG: Starting new HTTPS connection (1): api.github.com:443
2024-10-03 11:13:17 DEBUG: https://api.github.com:443 "POST /graphql HTTP/1.1" 200 None
2024-10-03 11:13:17 DEBUG: Starting new HTTPS connection (1): api.github.com:443
2024-10-03 11:13:28 DEBUG: https://api.github.com:443 "POST /graphql HTTP/1.1" 502 None
2024-10-03 11:13:28 ERROR: Failed request with status code: 502
2024-10-03 11:13:28 ERROR: GitHub API error: {
   "data": null,
   "errors":[
      {
         "message":"Something went wrong while executing your query. This may be the result of a timeout, or it could be a GitHub bug. Please include `2380:BACA6:1765BAD:1867644:66FEA67D` when reporting this issue."
      }
   ]
}
. Status Code: 502
2024-10-03 11:13:39 DEBUG: Starting new HTTPS connection (1): api.github.com:443
2024-10-03 11:13:41 DEBUG: https://api.github.com:443 "POST /graphql HTTP/1.1" 200 None
2024-10-03 11:13:41 DEBUG: Starting new HTTPS connection (1): api.github.com:443
2024-10-03 11:13:43 DEBUG: https://api.github.com:443 "POST /graphql HTTP/1.1" 200 None
2024-10-03 11:13:43 DEBUG: Starting new HTTPS connection (1): api.github.com:443
2024-10-03 11:13:45 DEBUG: https://api.github.com:443 "POST /graphql HTTP/1.1" 200 None
2024-10-03 11:13:45 DEBUG: Starting new HTTPS connection (1): api.github.com:443
2024-10-03 11:13:47 DEBUG: https://api.github.com:443 "POST /graphql HTTP/1.1" 200 None
2024-10-03 11:13:47 DEBUG: Starting new HTTPS connection (1): api.github.com:443
2024-10-03 11:13:49 DEBUG: https://api.github.com:443 "POST /graphql HTTP/1.1" 200 None
2024-10-03 11:13:49 DEBUG: Starting new HTTPS connection (1): api.github.com:443
2024-10-03 11:13:57 DEBUG: https://api.github.com:443 "POST /graphql HTTP/1.1" 200 None
2024-10-03 11:13:57 DEBUG: Starting new HTTPS connection (1): api.github.com:443
2024-10-03 11:13:58 DEBUG: https://api.github.com:443 "POST /graphql HTTP/1.1" 200 None
2024-10-03 11:13:58 DEBUG: Starting new HTTPS connection (1): api.github.com:443
2024-10-03 11:14:00 DEBUG: https://api.github.com:443 "POST /graphql HTTP/1.1" 200 None
2024-10-03 11:14:00 DEBUG: Starting new HTTPS connection (1): api.github.com:443
2024-10-03 11:14:02 DEBUG: https://api.github.com:443 "POST /graphql HTTP/1.1" 200 None
2024-10-03 11:14:02 DEBUG: Starting new HTTPS connection (1): api.github.com:443
2024-10-03 11:14:04 DEBUG: https://api.github.com:443 "POST /graphql HTTP/1.1" 200 None
2024-10-03 11:14:04 DEBUG: Starting new HTTPS connection (1): api.github.com:443
2024-10-03 11:14:05 DEBUG: https://api.github.com:443 "POST /graphql HTTP/1.1" 200 None
2024-10-03 11:14:05 DEBUG: Starting new HTTPS connection (1): api.github.com:443
2024-10-03 11:14:07 DEBUG: https://api.github.com:443 "POST /graphql HTTP/1.1" 200 None
2024-10-03 11:14:07 DEBUG: Starting new HTTPS connection (1): api.github.com:443
2024-10-03 11:14:10 DEBUG: https://api.github.com:443 "POST /graphql HTTP/1.1" 200 None
2024-10-03 11:14:10 DEBUG: Starting new HTTPS connection (1): api.github.com:443
2024-10-03 11:14:17 DEBUG: https://api.github.com:443 "POST /graphql HTTP/1.1" 200 None
2024-10-03 11:14:17 DEBUG: Starting new HTTPS connection (1): api.github.com:443
2024-10-03 11:14:19 DEBUG: https://api.github.com:443 "POST /graphql HTTP/1.1" 200 None
2024-10-03 11:14:19 DEBUG: Starting new HTTPS connection (1): api.github.com:443
2024-10-03 11:14:22 DEBUG: https://api.github.com:443 "POST /graphql HTTP/1.1" 200 None
2024-10-03 11:14:22 DEBUG: Starting new HTTPS connection (1): api.github.com:443
2024-10-03 11:14:24 DEBUG: https://api.github.com:443 "POST /graphql HTTP/1.1" 200 None
2024-10-03 11:14:24 DEBUG: Starting new HTTPS connection (1): api.github.com:443
2024-10-03 11:14:31 DEBUG: https://api.github.com:443 "POST /graphql HTTP/1.1" 200 None
2024-10-03 11:14:31 DEBUG: Starting new HTTPS connection (1): api.github.com:443
2024-10-03 11:14:32 DEBUG: https://api.github.com:443 "POST /graphql HTTP/1.1" 200 None
2024-10-03 11:14:32 DEBUG: Starting new HTTPS connection (1): api.github.com:443
2024-10-03 11:14:38 DEBUG: https://api.github.com:443 "POST /graphql HTTP/1.1" 200 None
2024-10-03 11:14:38 DEBUG: Starting new HTTPS connection (1): api.github.com:443
2024-10-03 11:14:48 DEBUG: https://api.github.com:443 "POST /graphql HTTP/1.1" 200 None
2024-10-03 11:14:48 DEBUG: Starting new HTTPS connection (1): api.github.com:443
2024-10-03 11:14:58 DEBUG: https://api.github.com:443 "POST /graphql HTTP/1.1" 200 None
2024-10-03 11:14:58 DEBUG: Starting new HTTPS connection (1): api.github.com:443
2024-10-03 11:15:00 DEBUG: https://api.github.com:443 "POST /graphql HTTP/1.1" 200 None
2024-10-03 11:15:00 DEBUG: Starting new HTTPS connection (1): api.github.com:443
2024-10-03 11:15:04 DEBUG: https://api.github.com:443 "POST /graphql HTTP/1.1" 200 None
2024-10-03 11:15:04 DEBUG: Starting new HTTPS connection (1): api.github.com:443
2024-10-03 11:15:06 DEBUG: https://api.github.com:443 "POST /graphql HTTP/1.1" 200 None
2024-10-03 11:15:06 DEBUG: Starting new HTTPS connection (1): api.github.com:443
2024-10-03 11:15:10 DEBUG: https://api.github.com:443 "POST /graphql HTTP/1.1" 200 None
2024-10-03 11:15:10 DEBUG: Starting new HTTPS connection (1): api.github.com:443
2024-10-03 11:15:11 DEBUG: https://api.github.com:443 "POST /graphql HTTP/1.1" 200 None
2024-10-03 11:15:11 DEBUG: Starting new HTTPS connection (1): api.github.com:443
2024-10-03 11:15:17 DEBUG: https://api.github.com:443 "POST /graphql HTTP/1.1" 200 None
2024-10-03 11:15:17 DEBUG: Starting new HTTPS connection (1): api.github.com:443
2024-10-03 11:15:20 DEBUG: https://api.github.com:443 "POST /graphql HTTP/1.1" 200 None
2024-10-03 11:15:20 DEBUG: Starting new HTTPS connection (1): api.github.com:443
2024-10-03 11:15:21 DEBUG: https://api.github.com:443 "POST /graphql HTTP/1.1" 200 None
2024-10-03 11:15:21 DEBUG: Starting new HTTPS connection (1): api.github.com:443
2024-10-03 11:15:28 DEBUG: https://api.github.com:443 "POST /graphql HTTP/1.1" 200 None
2024-10-03 11:15:28 DEBUG: Starting new HTTPS connection (1): api.github.com:443
2024-10-03 11:15:34 DEBUG: https://api.github.com:443 "POST /graphql HTTP/1.1" 200 None
2024-10-03 11:15:34 DEBUG: Starting new HTTPS connection (1): api.github.com:443
2024-10-03 11:15:37 DEBUG: https://api.github.com:443 "POST /graphql HTTP/1.1" 200 None
2024-10-03 11:15:37 DEBUG: Starting new HTTPS connection (1): api.github.com:443
2024-10-03 11:15:39 DEBUG: https://api.github.com:443 "POST /graphql HTTP/1.1" 200 None
2024-10-03 11:15:39 DEBUG: Starting new HTTPS connection (1): api.github.com:443
2024-10-03 11:15:41 DEBUG: https://api.github.com:443 "POST /graphql HTTP/1.1" 200 None
2024-10-03 11:15:41 DEBUG: Starting new HTTPS connection (1): api.github.com:443
2024-10-03 11:15:46 DEBUG: https://api.github.com:443 "POST /graphql HTTP/1.1" 200 None
2024-10-03 11:15:46 DEBUG: Starting new HTTPS connection (1): api.github.com:443
2024-10-03 11:15:48 DEBUG: https://api.github.com:443 "POST /graphql HTTP/1.1" 200 None
2024-10-03 11:15:48 DEBUG: Starting new HTTPS connection (1): api.github.com:443
2024-10-03 11:15:59 DEBUG: https://api.github.com:443 "POST /graphql HTTP/1.1" 502 None
2024-10-03 11:15:59 ERROR: Failed request with status code: 502
2024-10-03 11:15:59 ERROR: GitHub API error: {
   "data": null,
   "errors":[
      {
         "message":"Something went wrong while executing your query. This may be the result of a timeout, or it could be a GitHub bug. Please include `1E34:1221F1:17680D9:1869FA4:66FEA714` when reporting this issue."
      }
   ]
}
. Status Code: 502
2024-10-03 11:16:20 DEBUG: Starting new HTTPS connection (1): api.github.com:443
2024-10-03 11:16:21 DEBUG: https://api.github.com:443 "POST /graphql HTTP/1.1" 200 None
2024-10-03 11:16:21 DEBUG: Starting new HTTPS connection (1): api.github.com:443
2024-10-03 11:16:22 DEBUG: https://api.github.com:443 "POST /graphql HTTP/1.1" 200 None
2024-10-03 11:16:22 DEBUG: Starting new HTTPS connection (1): api.github.com:443
2024-10-03 11:16:24 DEBUG: https://api.github.com:443 "POST /graphql HTTP/1.1" 200 None
2024-10-03 11:16:24 DEBUG: Starting new HTTPS connection (1): api.github.com:443
2024-10-03 11:16:25 DEBUG: https://api.github.com:443 "POST /graphql HTTP/1.1" 200 None
2024-10-03 11:16:25 DEBUG: Starting new HTTPS connection (1): api.github.com:443
2024-10-03 11:16:27 DEBUG: https://api.github.com:443 "POST /graphql HTTP/1.1" 200 None
2024-10-03 11:16:27 DEBUG: Starting new HTTPS connection (1): api.github.com:443
2024-10-03 11:16:28 DEBUG: https://api.github.com:443 "POST /graphql HTTP/1.1" 200 None
2024-10-03 11:16:28 DEBUG: Starting new HTTPS connection (1): api.github.com:443
2024-10-03 11:16:29 DEBUG: https://api.github.com:443 "POST /graphql HTTP/1.1" 200 None
2024-10-03 11:16:29 DEBUG: Starting new HTTPS connection (1): api.github.com:443
2024-10-03 11:16:32 DEBUG: https://api.github.com:443 "POST /graphql HTTP/1.1" 200 None
2024-10-03 11:16:32 DEBUG: Starting new HTTPS connection (1): api.github.com:443
2024-10-03 11:16:33 DEBUG: https://api.github.com:443 "POST /graphql HTTP/1.1" 200 None
2024-10-03 11:16:33 DEBUG: Starting new HTTPS connection (1): api.github.com:443
2024-10-03 11:16:34 DEBUG: https://api.github.com:443 "POST /graphql HTTP/1.1" 200 None
2024-10-03 11:16:34 DEBUG: Starting new HTTPS connection (1): api.github.com:443
2024-10-03 11:16:36 DEBUG: https://api.github.com:443 "POST /graphql HTTP/1.1" 200 None
2024-10-03 11:16:36 DEBUG: Starting new HTTPS connection (1): api.github.com:443
2024-10-03 11:16:37 DEBUG: https://api.github.com:443 "POST /graphql HTTP/1.1" 200 None
2024-10-03 11:16:37 DEBUG: Starting new HTTPS connection (1): api.github.com:443
2024-10-03 11:16:39 DEBUG: https://api.github.com:443 "POST /graphql HTTP/1.1" 200 None
2024-10-03 11:16:39 DEBUG: Starting new HTTPS connection (1): api.github.com:443
2024-10-03 11:16:40 DEBUG: https://api.github.com:443 "POST /graphql HTTP/1.1" 200 None
2024-10-03 11:16:40 DEBUG: Starting new HTTPS connection (1): api.github.com:443
2024-10-03 11:16:42 DEBUG: https://api.github.com:443 "POST /graphql HTTP/1.1" 200 None
2024-10-03 11:16:42 DEBUG: Starting new HTTPS connection (1): api.github.com:443
2024-10-03 11:16:43 DEBUG: https://api.github.com:443 "POST /graphql HTTP/1.1" 200 None
2024-10-03 11:16:43 DEBUG: Starting new HTTPS connection (1): api.github.com:443
2024-10-03 11:16:45 DEBUG: https://api.github.com:443 "POST /graphql HTTP/1.1" 200 None
2024-10-03 11:16:45 DEBUG: Starting new HTTPS connection (1): api.github.com:443
2024-10-03 11:16:47 DEBUG: https://api.github.com:443 "POST /graphql HTTP/1.1" 200 None
2024-10-03 11:16:47 DEBUG: Starting new HTTPS connection (1): api.github.com:443
2024-10-03 11:16:49 DEBUG: https://api.github.com:443 "POST /graphql HTTP/1.1" 200 None
2024-10-03 11:16:49 DEBUG: Starting new HTTPS connection (1): api.github.com:443
2024-10-03 11:16:51 DEBUG: https://api.github.com:443 "POST /graphql HTTP/1.1" 200 None
2024-10-03 11:16:51 DEBUG: Starting new HTTPS connection (1): api.github.com:443
2024-10-03 11:16:53 DEBUG: https://api.github.com:443 "POST /graphql HTTP/1.1" 200 None
2024-10-03 11:16:53 DEBUG: Starting new HTTPS connection (1): api.github.com:443
2024-10-03 11:16:55 DEBUG: https://api.github.com:443 "POST /graphql HTTP/1.1" 200 None
2024-10-03 11:16:55 DEBUG: Starting new HTTPS connection (1): api.github.com:443
2024-10-03 11:16:59 DEBUG: https://api.github.com:443 "POST /graphql HTTP/1.1" 200 None
2024-10-03 11:16:59 DEBUG: Starting new HTTPS connection (1): api.github.com:443
2024-10-03 11:17:01 DEBUG: https://api.github.com:443 "POST /graphql HTTP/1.1" 200 None
2024-10-03 11:17:01 DEBUG: Starting new HTTPS connection (1): api.github.com:443
2024-10-03 11:17:06 DEBUG: https://api.github.com:443 "POST /graphql HTTP/1.1" 200 None
2024-10-03 11:17:06 DEBUG: Starting new HTTPS connection (1): api.github.com:443
2024-10-03 11:17:08 DEBUG: https://api.github.com:443 "POST /graphql HTTP/1.1" 200 None
2024-10-03 11:17:08 DEBUG: Starting new HTTPS connection (1): api.github.com:443
2024-10-03 11:17:17 DEBUG: https://api.github.com:443 "POST /graphql HTTP/1.1" 200 None
2024-10-03 11:17:17 DEBUG: Starting new HTTPS connection (1): api.github.com:443
2024-10-03 11:17:19 DEBUG: https://api.github.com:443 "POST /graphql HTTP/1.1" 200 None
2024-10-03 11:17:19 DEBUG: Starting new HTTPS connection (1): api.github.com:443
2024-10-03 11:17:21 DEBUG: https://api.github.com:443 "POST /graphql HTTP/1.1" 200 None
2024-10-03 11:17:21 DEBUG: Starting new HTTPS connection (1): api.github.com:443
2024-10-03 11:17:26 DEBUG: https://api.github.com:443 "POST /graphql HTTP/1.1" 200 None
2024-10-03 11:17:26 DEBUG: Starting new HTTPS connection (1): api.github.com:443
2024-10-03 11:17:28 DEBUG: https://api.github.com:443 "POST /graphql HTTP/1.1" 200 None
2024-10-03 11:17:28 DEBUG: Starting new HTTPS connection (1): api.github.com:443
2024-10-03 11:17:38 DEBUG: https://api.github.com:443 "POST /graphql HTTP/1.1" 200 None
2024-10-03 11:17:38 DEBUG: Starting new HTTPS connection (1): api.github.com:443
2024-10-03 11:17:40 DEBUG: https://api.github.com:443 "POST /graphql HTTP/1.1" 200 None
2024-10-03 11:17:40 DEBUG: Starting new HTTPS connection (1): api.github.com:443
2024-10-03 11:17:42 DEBUG: https://api.github.com:443 "POST /graphql HTTP/1.1" 200 None
2024-10-03 11:17:42 DEBUG: Starting new HTTPS connection (1): api.github.com:443
2024-10-03 11:17:44 DEBUG: https://api.github.com:443 "POST /graphql HTTP/1.1" 200 None
2024-10-03 11:17:44 DEBUG: Starting new HTTPS connection (1): api.github.com:443
2024-10-03 11:17:47 DEBUG: https://api.github.com:443 "POST /graphql HTTP/1.1" 200 None
2024-10-03 11:17:47 DEBUG: Starting new HTTPS connection (1): api.github.com:443
2024-10-03 11:17:49 DEBUG: https://api.github.com:443 "POST /graphql HTTP/1.1" 200 None
2024-10-03 11:17:49 DEBUG: Starting new HTTPS connection (1): api.github.com:443
2024-10-03 11:17:50 DEBUG: https://api.github.com:443 "POST /graphql HTTP/1.1" 200 None
2024-10-03 11:17:50 DEBUG: Starting new HTTPS connection (1): api.github.com:443
2024-10-03 11:17:54 DEBUG: https://api.github.com:443 "POST /graphql HTTP/1.1" 200 None
2024-10-03 11:17:54 DEBUG: Starting new HTTPS connection (1): api.github.com:443
2024-10-03 11:17:56 DEBUG: https://api.github.com:443 "POST /graphql HTTP/1.1" 200 None
2024-10-03 11:17:56 DEBUG: Starting new HTTPS connection (1): api.github.com:443
2024-10-03 11:17:58 DEBUG: https://api.github.com:443 "POST /graphql HTTP/1.1" 200 None
2024-10-03 11:17:58 DEBUG: Starting new HTTPS connection (1): api.github.com:443
2024-10-03 11:18:07 DEBUG: https://api.github.com:443 "POST /graphql HTTP/1.1" 200 None
2024-10-03 11:18:07 DEBUG: Starting new HTTPS connection (1): api.github.com:443
2024-10-03 11:18:12 DEBUG: https://api.github.com:443 "POST /graphql HTTP/1.1" 200 None
2024-10-03 11:18:12 DEBUG: Starting new HTTPS connection (1): api.github.com:443
2024-10-03 11:18:14 DEBUG: https://api.github.com:443 "POST /graphql HTTP/1.1" 200 None
2024-10-03 11:18:14 DEBUG: Starting new HTTPS connection (1): api.github.com:443
2024-10-03 11:18:16 DEBUG: https://api.github.com:443 "POST /graphql HTTP/1.1" 200 None
2024-10-03 11:18:16 DEBUG: Starting new HTTPS connection (1): api.github.com:443
2024-10-03 11:18:17 DEBUG: https://api.github.com:443 "POST /graphql HTTP/1.1" 200 None
2024-10-03 11:18:17 DEBUG: Starting new HTTPS connection (1): api.github.com:443
2024-10-03 11:18:24 DEBUG: https://api.github.com:443 "POST /graphql HTTP/1.1" 200 None
2024-10-03 11:18:24 DEBUG: Starting new HTTPS connection (1): api.github.com:443
2024-10-03 11:18:27 DEBUG: https://api.github.com:443 "POST /graphql HTTP/1.1" 200 None
2024-10-03 11:18:27 DEBUG: Starting new HTTPS connection (1): api.github.com:443
2024-10-03 11:18:28 DEBUG: https://api.github.com:443 "POST /graphql HTTP/1.1" 200 None
2024-10-03 11:18:28 DEBUG: Starting new HTTPS connection (1): api.github.com:443
2024-10-03 11:18:30 DEBUG: https://api.github.com:443 "POST /graphql HTTP/1.1" 200 None
2024-10-03 11:18:30 DEBUG: Starting new HTTPS connection (1): api.github.com:443
2024-10-03 11:18:32 DEBUG: https://api.github.com:443 "POST /graphql HTTP/1.1" 200 None
2024-10-03 11:18:32 DEBUG: Starting new HTTPS connection (1): api.github.com:443
2024-10-03 11:18:33 DEBUG: https://api.github.com:443 "POST /graphql HTTP/1.1" 200 None
2024-10-03 11:18:33 DEBUG: Starting new HTTPS connection (1): api.github.com:443
2024-10-03 11:18:36 DEBUG: https://api.github.com:443 "POST /graphql HTTP/1.1" 200 None
2024-10-03 11:18:36 DEBUG: Starting new HTTPS connection (1): api.github.com:443
2024-10-03 11:18:39 DEBUG: https://api.github.com:443 "POST /graphql HTTP/1.1" 200 None
2024-10-03 11:18:39 DEBUG: Starting new HTTPS connection (1): api.github.com:443
2024-10-03 11:18:40 DEBUG: https://api.github.com:443 "POST /graphql HTTP/1.1" 200 None
2024-10-03 11:18:40 DEBUG: Starting new HTTPS connection (1): api.github.com:443
2024-10-03 11:18:42 DEBUG: https://api.github.com:443 "POST /graphql HTTP/1.1" 200 None
2024-10-03 11:18:42 DEBUG: Starting new HTTPS connection (1): api.github.com:443
2024-10-03 11:18:45 DEBUG: https://api.github.com:443 "POST /graphql HTTP/1.1" 200 None
2024-10-03 11:18:45 DEBUG: Starting new HTTPS connection (1): api.github.com:443
2024-10-03 11:18:48 DEBUG: https://api.github.com:443 "POST /graphql HTTP/1.1" 200 None
2024-10-03 11:18:48 DEBUG: Starting new HTTPS connection (1): api.github.com:443
2024-10-03 11:18:50 DEBUG: https://api.github.com:443 "POST /graphql HTTP/1.1" 200 None
2024-10-03 11:18:50 DEBUG: Starting new HTTPS connection (1): api.github.com:443
2024-10-03 11:19:00 DEBUG: https://api.github.com:443 "POST /graphql HTTP/1.1" 200 None
2024-10-03 11:19:00 ERROR: GraphQL errors: [{'message': 'Something went wrong while executing your query. Please include `24FE:35D938:C72D42:CF660E:66FEA7CA` when reporting this issue.'}]
2024-10-03 11:19:00 ERROR: Unexpected error: 'data'
